[debug] [2025-11-22T09:38:34.307Z] ----------------------------------------------------------------------
[debug] [2025-11-22T09:38:34.309Z] Command:       C:\Program Files\nodejs\node.exe C:\Users\Admin\AppData\Roaming\npm\node_modules\firebase-tools\lib\bin\firebase.js init
[debug] [2025-11-22T09:38:34.309Z] CLI Version:   14.26.0
[debug] [2025-11-22T09:38:34.309Z] Platform:      win32
[debug] [2025-11-22T09:38:34.309Z] Node Version:  v22.20.0
[debug] [2025-11-22T09:38:34.310Z] Time:          Sat Nov 22 2025 16:38:34 GMT+0700 (GMT+07:00)
[debug] [2025-11-22T09:38:34.310Z] ----------------------------------------------------------------------
[debug] 
[info] 
     ######## #### ########  ######## ########     ###     ######  ########
     ##        ##  ##     ## ##       ##     ##  ##   ##  ##       ##
     ######    ##  ########  ######   ########  #########  ######  ######
     ##        ##  ##    ##  ##       ##     ## ##     ##       ## ##
     ##       #### ##     ## ######## ########  ##     ##  ######  ########

You're about to initialize a Firebase project in this directory:

  C:\Users\Admin\Desktop\coding\TiemBachHoa_HaiTuiMinh\ver2.0

[info] 
=== Project Setup
[info] 
[info] First, let's associate this project directory with a Firebase project.
[info] You can create multiple project aliases by running firebase use --add, 
[info] 
[debug] [2025-11-22T09:39:20.759Z] > command requires scopes: ["email","openid","https://www.googleapis.com/auth/cloudplatformprojects.readonly","https://www.googleapis.com/auth/firebase","https://www.googleapis.com/auth/cloud-platform"]
[debug] [2025-11-22T09:39:20.759Z] > authorizing via signed-in user (luutrithon1996@gmail.com)
[debug] [2025-11-22T09:39:20.761Z] Checked if tokens are valid: true, expires at: 1763807788254
[debug] [2025-11-22T09:39:20.761Z] Checked if tokens are valid: true, expires at: 1763807788254
[debug] [2025-11-22T09:39:20.762Z] >>> [apiv2][query] GET https://firebase.googleapis.com/v1beta1/projects pageSize=100
[debug] [2025-11-22T09:39:21.539Z] <<< [apiv2][status] GET https://firebase.googleapis.com/v1beta1/projects 200
[debug] [2025-11-22T09:39:21.540Z] <<< [apiv2][body] GET https://firebase.googleapis.com/v1beta1/projects [omitted]
[info] 
=== Dataconnect Setup
[info] i  dataconnect: ensuring required API firebasedataconnect.googleapis.com is enabled... 
[debug] [2025-11-22T09:39:25.482Z] Checked if tokens are valid: true, expires at: 1763807788254
[debug] [2025-11-22T09:39:25.482Z] Checked if tokens are valid: true, expires at: 1763807788254
[info] i  dataconnect: ensuring required API sqladmin.googleapis.com is enabled... 
[debug] [2025-11-22T09:39:25.483Z] Checked if tokens are valid: true, expires at: 1763807788254
[debug] [2025-11-22T09:39:25.483Z] Checked if tokens are valid: true, expires at: 1763807788254
[debug] [2025-11-22T09:39:25.484Z] >>> [apiv2][query] GET https://serviceusage.googleapis.com/v1/projects/tiembachhoa-haituiminh/services/firebasedataconnect.googleapis.com [none]
[debug] [2025-11-22T09:39:25.484Z] >>> [apiv2][(partial)header] GET https://serviceusage.googleapis.com/v1/projects/tiembachhoa-haituiminh/services/firebasedataconnect.googleapis.com x-goog-quota-user=projects/tiembachhoa-haituiminh
[debug] [2025-11-22T09:39:25.486Z] >>> [apiv2][query] GET https://serviceusage.googleapis.com/v1/projects/tiembachhoa-haituiminh/services/sqladmin.googleapis.com [none]
[debug] [2025-11-22T09:39:25.486Z] >>> [apiv2][(partial)header] GET https://serviceusage.googleapis.com/v1/projects/tiembachhoa-haituiminh/services/sqladmin.googleapis.com x-goog-quota-user=projects/tiembachhoa-haituiminh
[debug] [2025-11-22T09:39:26.871Z] <<< [apiv2][status] GET https://serviceusage.googleapis.com/v1/projects/tiembachhoa-haituiminh/services/firebasedataconnect.googleapis.com 200
[debug] [2025-11-22T09:39:26.871Z] <<< [apiv2][body] GET https://serviceusage.googleapis.com/v1/projects/tiembachhoa-haituiminh/services/firebasedataconnect.googleapis.com [omitted]
[warn] !  dataconnect: missing required API firebasedataconnect.googleapis.com. Enabling now... 
[debug] [2025-11-22T09:39:26.872Z] Checked if tokens are valid: true, expires at: 1763807788254
[debug] [2025-11-22T09:39:26.872Z] Checked if tokens are valid: true, expires at: 1763807788254
[debug] [2025-11-22T09:39:26.872Z] >>> [apiv2][query] POST https://serviceusage.googleapis.com/v1/projects/tiembachhoa-haituiminh/services/firebasedataconnect.googleapis.com:enable [none]
[debug] [2025-11-22T09:39:26.872Z] >>> [apiv2][(partial)header] POST https://serviceusage.googleapis.com/v1/projects/tiembachhoa-haituiminh/services/firebasedataconnect.googleapis.com:enable x-goog-quota-user=projects/tiembachhoa-haituiminh
[debug] [2025-11-22T09:39:26.923Z] <<< [apiv2][status] GET https://serviceusage.googleapis.com/v1/projects/tiembachhoa-haituiminh/services/sqladmin.googleapis.com 200
[debug] [2025-11-22T09:39:26.923Z] <<< [apiv2][body] GET https://serviceusage.googleapis.com/v1/projects/tiembachhoa-haituiminh/services/sqladmin.googleapis.com [omitted]
[warn] !  dataconnect: missing required API sqladmin.googleapis.com. Enabling now... 
[debug] [2025-11-22T09:39:26.924Z] Checked if tokens are valid: true, expires at: 1763807788254
[debug] [2025-11-22T09:39:26.924Z] Checked if tokens are valid: true, expires at: 1763807788254
[debug] [2025-11-22T09:39:26.924Z] >>> [apiv2][query] POST https://serviceusage.googleapis.com/v1/projects/tiembachhoa-haituiminh/services/sqladmin.googleapis.com:enable [none]
[debug] [2025-11-22T09:39:26.924Z] >>> [apiv2][(partial)header] POST https://serviceusage.googleapis.com/v1/projects/tiembachhoa-haituiminh/services/sqladmin.googleapis.com:enable x-goog-quota-user=projects/tiembachhoa-haituiminh
[debug] [2025-11-22T09:39:28.531Z] <<< [apiv2][status] POST https://serviceusage.googleapis.com/v1/projects/tiembachhoa-haituiminh/services/firebasedataconnect.googleapis.com:enable 200
[debug] [2025-11-22T09:39:28.531Z] <<< [apiv2][body] POST https://serviceusage.googleapis.com/v1/projects/tiembachhoa-haituiminh/services/firebasedataconnect.googleapis.com:enable [omitted]
[debug] [2025-11-22T09:39:28.556Z] <<< [apiv2][status] POST https://serviceusage.googleapis.com/v1/projects/tiembachhoa-haituiminh/services/sqladmin.googleapis.com:enable 200
[debug] [2025-11-22T09:39:28.556Z] <<< [apiv2][body] POST https://serviceusage.googleapis.com/v1/projects/tiembachhoa-haituiminh/services/sqladmin.googleapis.com:enable [omitted]
[debug] [2025-11-22T09:39:38.571Z] Checked if tokens are valid: true, expires at: 1763807788254
[debug] [2025-11-22T09:39:38.571Z] Checked if tokens are valid: true, expires at: 1763807788254
[debug] [2025-11-22T09:39:38.571Z] >>> [apiv2][query] GET https://firebasedataconnect.googleapis.com/v1/projects/tiembachhoa-haituiminh/locations/-/services [none]
[debug] [2025-11-22T09:39:40.247Z] <<< [apiv2][status] GET https://firebasedataconnect.googleapis.com/v1/projects/tiembachhoa-haituiminh/locations/-/services 200
[debug] [2025-11-22T09:39:40.247Z] <<< [apiv2][body] GET https://firebasedataconnect.googleapis.com/v1/projects/tiembachhoa-haituiminh/locations/-/services {}
[debug] [2025-11-22T09:39:40.254Z] Checked if tokens are valid: true, expires at: 1763807788254
[debug] [2025-11-22T09:39:40.254Z] Checked if tokens are valid: true, expires at: 1763807788254
[debug] [2025-11-22T09:39:40.254Z] >>> [apiv2][query] GET https://cloudbilling.googleapis.com/v1/projects/tiembachhoa-haituiminh/billingInfo [none]
[debug] [2025-11-22T09:39:40.752Z] <<< [apiv2][status] GET https://cloudbilling.googleapis.com/v1/projects/tiembachhoa-haituiminh/billingInfo 200
[debug] [2025-11-22T09:39:40.752Z] <<< [apiv2][body] GET https://cloudbilling.googleapis.com/v1/projects/tiembachhoa-haituiminh/billingInfo {"name":"projects/tiembachhoa-haituiminh/billingInfo","projectId":"tiembachhoa-haituiminh","billingAccountName":"","billingEnabled":false}
[debug] [2025-11-22T09:39:40.762Z] Checked if tokens are valid: true, expires at: 1763807788254
[debug] [2025-11-22T09:39:40.762Z] Checked if tokens are valid: true, expires at: 1763807788254
[debug] [2025-11-22T09:39:40.762Z] >>> [apiv2][query] GET https://monitoring.googleapis.com/v3/projects/tiembachhoa-haituiminh/timeSeries/ filter=metric.type%3D%22serviceruntime.googleapis.com%2Fquota%2Fallocation%2Fusage%22+AND+metric.label.quota_metric+%3D+%22sqladmin.googleapis.com%2Ffdc_lifetime_free_trial_per_project%22&interval.endTime=2025-11-22T09%3A39%3A40.761Z&interval.startTime=2025-11-15T09%3A39%3A40.753Z
[debug] [2025-11-22T09:39:41.964Z] <<< [apiv2][status] GET https://monitoring.googleapis.com/v3/projects/tiembachhoa-haituiminh/timeSeries/ 200
[debug] [2025-11-22T09:39:41.964Z] <<< [apiv2][body] GET https://monitoring.googleapis.com/v3/projects/tiembachhoa-haituiminh/timeSeries/ {"unit":"1"}
[info] +  dataconnect: Detected existing apps apps\web\tiem-bach-hoa (web) 
[debug] [2025-11-22T09:39:42.005Z] Checked if tokens are valid: true, expires at: 1763807788254
[debug] [2025-11-22T09:39:42.005Z] Checked if tokens are valid: true, expires at: 1763807788254
[debug] [2025-11-22T09:39:42.005Z] >>> [apiv2][query] GET https://firebasedataconnect.googleapis.com/v1/projects/tiembachhoa-haituiminh/locations/us-east4/services/ver20/schemas pageSize=100&pageToken=&fields=schemas.name%2Cschemas.datasources%2Cschemas.source
[debug] [2025-11-22T09:39:43.297Z] <<< [apiv2][status] GET https://firebasedataconnect.googleapis.com/v1/projects/tiembachhoa-haituiminh/locations/us-east4/services/ver20/schemas 404
[debug] [2025-11-22T09:39:43.297Z] <<< [apiv2][body] GET https://firebasedataconnect.googleapis.com/v1/projects/tiembachhoa-haituiminh/locations/us-east4/services/ver20/schemas {"error":{"code":404,"message":"Resource 'services/ver20' was not found","status":"NOT_FOUND","details":[{"@type":"type.googleapis.com/google.rpc.ResourceInfo","resourceName":"services/ver20"}]}}
[info] +  Wrote dataconnect\dataconnect.yaml 
[info] +  Wrote dataconnect\seed_data.gql 
[info] +  Wrote dataconnect\schema\schema.gql 
[info] +  Wrote dataconnect\example\connector.yaml 
[info] +  Wrote dataconnect\example\queries.gql 
[info] +  Wrote dataconnect\example\mutations.gql 
[info] +  Wrote dataconnect\example\connector.yaml 
[info] i  dataconnect: Installing the generated SDKs ... 
[info] i  dataconnect: downloading dataconnect-emulator-2.17.2.exe... {"metadata":{"emulator":{"name":"dataconnect"},"message":"downloading dataconnect-emulator-2.17.2.exe..."}}
[debug] [2025-11-22T09:39:43.347Z] >>> [apiv2][query] GET https://storage.googleapis.com/firemat-preview-drop/emulator/dataconnect-emulator-windows-amd64-v2.17.2 
[debug] [2025-11-22T09:39:43.827Z] <<< [apiv2][status] GET https://storage.googleapis.com/firemat-preview-drop/emulator/dataconnect-emulator-windows-amd64-v2.17.2 200
[debug] [2025-11-22T09:39:43.827Z] <<< [apiv2][body] GET https://storage.googleapis.com/firemat-preview-drop/emulator/dataconnect-emulator-windows-amd64-v2.17.2 [stream]
[debug] [2025-11-22T09:39:46.099Z] defaultcredentials: writing to file C:\Users\Admin\AppData\Roaming\firebase\luutrithon1996_gmail_com_application_default_credentials.json
[info] +  dataconnect: Installed generated SDKs for apps\web\tiem-bach-hoa (web) 
[info] i  Visit https://firebase.google.com/docs/data-connect/web-sdk#react for more information on how to set up React Generated SDKs for Firebase Data Connect 
[info] 
=== Firestore Setup
[info] i  firestore: ensuring required API firestore.googleapis.com is enabled... 
[debug] [2025-11-22T09:40:23.454Z] Checked if tokens are valid: true, expires at: 1763807788254
[debug] [2025-11-22T09:40:23.455Z] Checked if tokens are valid: true, expires at: 1763807788254
[debug] [2025-11-22T09:40:23.458Z] >>> [apiv2][query] GET https://serviceusage.googleapis.com/v1/projects/tiembachhoa-haituiminh/services/firestore.googleapis.com [none]
[debug] [2025-11-22T09:40:23.458Z] >>> [apiv2][(partial)header] GET https://serviceusage.googleapis.com/v1/projects/tiembachhoa-haituiminh/services/firestore.googleapis.com x-goog-quota-user=projects/tiembachhoa-haituiminh
[debug] [2025-11-22T09:40:24.875Z] <<< [apiv2][status] GET https://serviceusage.googleapis.com/v1/projects/tiembachhoa-haituiminh/services/firestore.googleapis.com 200
[debug] [2025-11-22T09:40:24.875Z] <<< [apiv2][body] GET https://serviceusage.googleapis.com/v1/projects/tiembachhoa-haituiminh/services/firestore.googleapis.com [omitted]
[warn] !  firestore: missing required API firestore.googleapis.com. Enabling now... 
[debug] [2025-11-22T09:40:24.876Z] Checked if tokens are valid: true, expires at: 1763807788254
[debug] [2025-11-22T09:40:24.876Z] Checked if tokens are valid: true, expires at: 1763807788254
[debug] [2025-11-22T09:40:24.876Z] >>> [apiv2][query] POST https://serviceusage.googleapis.com/v1/projects/tiembachhoa-haituiminh/services/firestore.googleapis.com:enable [none]
[debug] [2025-11-22T09:40:24.877Z] >>> [apiv2][(partial)header] POST https://serviceusage.googleapis.com/v1/projects/tiembachhoa-haituiminh/services/firestore.googleapis.com:enable x-goog-quota-user=projects/tiembachhoa-haituiminh
[debug] [2025-11-22T09:40:26.296Z] <<< [apiv2][status] POST https://serviceusage.googleapis.com/v1/projects/tiembachhoa-haituiminh/services/firestore.googleapis.com:enable 200
[debug] [2025-11-22T09:40:26.296Z] <<< [apiv2][body] POST https://serviceusage.googleapis.com/v1/projects/tiembachhoa-haituiminh/services/firestore.googleapis.com:enable [omitted]
[debug] [2025-11-22T09:40:36.307Z] Checked if tokens are valid: true, expires at: 1763807788254
[debug] [2025-11-22T09:40:36.307Z] Checked if tokens are valid: true, expires at: 1763807788254
[debug] [2025-11-22T09:40:36.307Z] >>> [apiv2][query] GET https://firestore.googleapis.com/v1/projects/tiembachhoa-haituiminh/databases [none]
[debug] [2025-11-22T09:40:37.109Z] <<< [apiv2][status] GET https://firestore.googleapis.com/v1/projects/tiembachhoa-haituiminh/databases 200
[debug] [2025-11-22T09:40:37.109Z] <<< [apiv2][body] GET https://firestore.googleapis.com/v1/projects/tiembachhoa-haituiminh/databases {}
[debug] [2025-11-22T09:40:37.109Z] Checked if tokens are valid: true, expires at: 1763807788254
[debug] [2025-11-22T09:40:37.109Z] Checked if tokens are valid: true, expires at: 1763807788254
[debug] [2025-11-22T09:40:37.109Z] >>> [apiv2][query] GET https://firestore.googleapis.com/v1/projects/tiembachhoa-haituiminh/locations [none]
[debug] [2025-11-22T09:40:37.344Z] <<< [apiv2][status] GET https://firestore.googleapis.com/v1/projects/tiembachhoa-haituiminh/locations 200
[debug] [2025-11-22T09:40:37.345Z] <<< [apiv2][body] GET https://firestore.googleapis.com/v1/projects/tiembachhoa-haituiminh/locations {"locations":[{"name":"projects/tiembachhoa-haituiminh/locations/eur3","labels":{"appengine.googleapis.com/geo":"europe-west","cloud.googleapis.com/location":"eur3","cloud.googleapis.com/geo":"eur3"},"metadata":{"@type":"type.googleapis.com/google.firestore.admin.v1.LocationMetadata"},"locationId":"eur3","displayName":"Europe"},{"name":"projects/tiembachhoa-haituiminh/locations/nam5","labels":{"appengine.googleapis.com/geo":"us-central","cloud.googleapis.com/location":"nam5","cloud.googleapis.com/geo":"nam5"},"metadata":{"@type":"type.googleapis.com/google.firestore.admin.v1.LocationMetadata"},"locationId":"nam5","displayName":"United States"},{"name":"projects/tiembachhoa-haituiminh/locations/nam7","labels":{"cloud.googleapis.com/location":"nam7","cloud.googleapis.com/geo":"nam7"},"metadata":{"@type":"type.googleapis.com/google.firestore.admin.v1.LocationMetadata"},"locationId":"nam7","displayName":"United States"},{"name":"projects/tiembachhoa-haituiminh/locations/africa-south1","labels":{"cloud.googleapis.com/location":"africa-south1","cloud.googleapis.com/region":"africa-south1"},"metadata":{"@type":"type.googleapis.com/google.firestore.admin.v1.LocationMetadata"},"locationId":"africa-south1","displayName":"Johannesburg"},{"name":"projects/tiembachhoa-haituiminh/locations/asia-east1","labels":{"appengine.googleapis.com/region":"asia-east1","cloud.googleapis.com/location":"asia-east1","cloud.googleapis.com/region":"asia-east1"},"metadata":{"@type":"type.googleapis.com/google.firestore.admin.v1.LocationMetadata"},"locationId":"asia-east1","displayName":"Taiwan"},{"name":"projects/tiembachhoa-haituiminh/locations/asia-east2","labels":{"appengine.googleapis.com/region":"asia-east2","cloud.googleapis.com/location":"asia-east2","cloud.googleapis.com/region":"asia-east2"},"metadata":{"@type":"type.googleapis.com/google.firestore.admin.v1.LocationMetadata"},"locationId":"asia-east2","displayName":"Hong Kong"},{"name":"projects/tiembachhoa-haituiminh/locations/asia-northeast1","labels":{"appengine.googleapis.com/region":"asia-northeast1","cloud.googleapis.com/location":"asia-northeast1","cloud.googleapis.com/region":"asia-northeast1"},"metadata":{"@type":"type.googleapis.com/google.firestore.admin.v1.LocationMetadata"},"locationId":"asia-northeast1","displayName":"Tokyo"},{"name":"projects/tiembachhoa-haituiminh/locations/asia-northeast2","labels":{"appengine.googleapis.com/region":"asia-northeast2","cloud.googleapis.com/location":"asia-northeast2","cloud.googleapis.com/region":"asia-northeast2"},"metadata":{"@type":"type.googleapis.com/google.firestore.admin.v1.LocationMetadata"},"locationId":"asia-northeast2","displayName":"Osaka"},{"name":"projects/tiembachhoa-haituiminh/locations/asia-northeast3","labels":{"appengine.googleapis.com/region":"asia-northeast3","cloud.googleapis.com/location":"asia-northeast3","cloud.googleapis.com/region":"asia-northeast3"},"metadata":{"@type":"type.googleapis.com/google.firestore.admin.v1.LocationMetadata"},"locationId":"asia-northeast3","displayName":"Seoul"},{"name":"projects/tiembachhoa-haituiminh/locations/asia-south1","labels":{"appengine.googleapis.com/region":"asia-south1","cloud.googleapis.com/location":"asia-south1","cloud.googleapis.com/region":"asia-south1"},"metadata":{"@type":"type.googleapis.com/google.firestore.admin.v1.LocationMetadata"},"locationId":"asia-south1","displayName":"Mumbai"},{"name":"projects/tiembachhoa-haituiminh/locations/asia-south2","labels":{"cloud.googleapis.com/location":"asia-south2","cloud.googleapis.com/region":"asia-south2"},"metadata":{"@type":"type.googleapis.com/google.firestore.admin.v1.LocationMetadata"},"locationId":"asia-south2","displayName":"Delhi"},{"name":"projects/tiembachhoa-haituiminh/locations/asia-southeast1","labels":{"appengine.googleapis.com/region":"asia-southeast1","cloud.googleapis.com/location":"asia-southeast1","cloud.googleapis.com/region":"asia-southeast1"},"metadata":{"@type":"type.googleapis.com/google.firestore.admin.v1.LocationMetadata"},"locationId":"asia-southeast1","displayName":"Singapore"},{"name":"projects/tiembachhoa-haituiminh/locations/asia-southeast2","labels":{"appengine.googleapis.com/region":"asia-southeast2","cloud.googleapis.com/location":"asia-southeast2","cloud.googleapis.com/region":"asia-southeast2"},"metadata":{"@type":"type.googleapis.com/google.firestore.admin.v1.LocationMetadata"},"locationId":"asia-southeast2","displayName":"Jakarta"},{"name":"projects/tiembachhoa-haituiminh/locations/australia-southeast1","labels":{"appengine.googleapis.com/region":"australia-southeast1","cloud.googleapis.com/location":"australia-southeast1","cloud.googleapis.com/region":"australia-southeast1"},"metadata":{"@type":"type.googleapis.com/google.firestore.admin.v1.LocationMetadata"},"locationId":"australia-southeast1","displayName":"Sydney"},{"name":"projects/tiembachhoa-haituiminh/locations/australia-southeast2","labels":{"cloud.googleapis.com/location":"australia-southeast2","cloud.googleapis.com/region":"australia-southeast2"},"metadata":{"@type":"type.googleapis.com/google.firestore.admin.v1.LocationMetadata"},"locationId":"australia-southeast2","displayName":"Melbourne"},{"name":"projects/tiembachhoa-haituiminh/locations/europe-central2","labels":{"appengine.googleapis.com/region":"europe-central2","cloud.googleapis.com/location":"europe-central2","cloud.googleapis.com/region":"europe-central2"},"metadata":{"@type":"type.googleapis.com/google.firestore.admin.v1.LocationMetadata"},"locationId":"europe-central2","displayName":"Warsaw"},{"name":"projects/tiembachhoa-haituiminh/locations/europe-north1","labels":{"cloud.googleapis.com/location":"europe-north1","cloud.googleapis.com/region":"europe-north1"},"metadata":{"@type":"type.googleapis.com/google.firestore.admin.v1.LocationMetadata"},"locationId":"europe-north1","displayName":"Finland"},{"name":"projects/tiembachhoa-haituiminh/locations/europe-north2","labels":{"cloud.googleapis.com/location":"europe-north2","cloud.googleapis.com/region":"europe-north2"},"metadata":{"@type":"type.googleapis.com/google.firestore.admin.v1.LocationMetadata"},"locationId":"europe-north2","displayName":"Stockholm"},{"name":"projects/tiembachhoa-haituiminh/locations/europe-southwest1","labels":{"cloud.googleapis.com/location":"europe-southwest1","cloud.googleapis.com/region":"europe-southwest1"},"metadata":{"@type":"type.googleapis.com/google.firestore.admin.v1.LocationMetadata"},"locationId":"europe-southwest1","displayName":"Madrid"},{"name":"projects/tiembachhoa-haituiminh/locations/europe-west1","labels":{"cloud.googleapis.com/location":"europe-west1","cloud.googleapis.com/region":"europe-west1"},"metadata":{"@type":"type.googleapis.com/google.firestore.admin.v1.LocationMetadata"},"locationId":"europe-west1","displayName":"Belgium"},{"name":"projects/tiembachhoa-haituiminh/locations/europe-west10","labels":{"cloud.googleapis.com/location":"europe-west10","cloud.googleapis.com/region":"europe-west10"},"metadata":{"@type":"type.googleapis.com/google.firestore.admin.v1.LocationMetadata"},"locationId":"europe-west10","displayName":"Berlin"},{"name":"projects/tiembachhoa-haituiminh/locations/europe-west12","labels":{"cloud.googleapis.com/location":"europe-west12","cloud.googleapis.com/region":"europe-west12"},"metadata":{"@type":"type.googleapis.com/google.firestore.admin.v1.LocationMetadata"},"locationId":"europe-west12","displayName":"Turin"},{"name":"projects/tiembachhoa-haituiminh/locations/europe-west2","labels":{"appengine.googleapis.com/region":"europe-west2","cloud.googleapis.com/location":"europe-west2","cloud.googleapis.com/region":"europe-west2"},"metadata":{"@type":"type.googleapis.com/google.firestore.admin.v1.LocationMetadata"},"locationId":"europe-west2","displayName":"London"},{"name":"projects/tiembachhoa-haituiminh/locations/europe-west3","labels":{"appengine.googleapis.com/region":"europe-west3","cloud.googleapis.com/location":"europe-west3","cloud.googleapis.com/region":"europe-west3"},"metadata":{"@type":"type.googleapis.com/google.firestore.admin.v1.LocationMetadata"},"locationId":"europe-west3","displayName":"Frankfurt"},{"name":"projects/tiembachhoa-haituiminh/locations/europe-west4","labels":{"cloud.googleapis.com/location":"europe-west4","cloud.googleapis.com/region":"europe-west4"},"metadata":{"@type":"type.googleapis.com/google.firestore.admin.v1.LocationMetadata"},"locationId":"europe-west4","displayName":"Netherlands"},{"name":"projects/tiembachhoa-haituiminh/locations/europe-west6","labels":{"appengine.googleapis.com/region":"europe-west6","cloud.googleapis.com/location":"europe-west6","cloud.googleapis.com/region":"europe-west6"},"metadata":{"@type":"type.googleapis.com/google.firestore.admin.v1.LocationMetadata"},"locationId":"europe-west6","displayName":"Zurich"},{"name":"projects/tiembachhoa-haituiminh/locations/europe-west8","labels":{"cloud.googleapis.com/location":"europe-west8","cloud.googleapis.com/region":"europe-west8"},"metadata":{"@type":"type.googleapis.com/google.firestore.admin.v1.LocationMetadata"},"locationId":"europe-west8","displayName":"Milan"},{"name":"projects/tiembachhoa-haituiminh/locations/europe-west9","labels":{"cloud.googleapis.com/location":"europe-west9","cloud.googleapis.com/region":"europe-west9"},"metadata":{"@type":"type.googleapis.com/google.firestore.admin.v1.LocationMetadata"},"locationId":"europe-west9","displayName":"Paris"},{"name":"projects/tiembachhoa-haituiminh/locations/me-central1","labels":{"cloud.googleapis.com/location":"me-central1","cloud.googleapis.com/region":"me-central1"},"metadata":{"@type":"type.googleapis.com/google.firestore.admin.v1.LocationMetadata"},"locationId":"me-central1","displayName":"Doha"},{"name":"projects/tiembachhoa-haituiminh/locations/me-central2","labels":{"cloud.googleapis.com/location":"me-central2","cloud.googleapis.com/region":"me-central2"},"metadata":{"@type":"type.googleapis.com/google.firestore.admin.v1.LocationMetadata"},"locationId":"me-central2","displayName":"Dammam"},{"name":"projects/tiembachhoa-haituiminh/locations/me-west1","labels":{"cloud.googleapis.com/location":"me-west1","cloud.googleapis.com/region":"me-west1"},"metadata":{"@type":"type.googleapis.com/google.firestore.admin.v1.LocationMetadata"},"locationId":"me-west1","displayName":"Tel Aviv"},{"name":"projects/tiembachhoa-haituiminh/locations/northamerica-northeast1","labels":{"appengine.googleapis.com/region":"northamerica-northeast1","cloud.googleapis.com/location":"northamerica-northeast1","cloud.googleapis.com/region":"northamerica-northeast1"},"metadata":{"@type":"type.googleapis.com/google.firestore.admin.v1.LocationMetadata"},"locationId":"northamerica-northeast1","displayName":"Montréal"},{"name":"projects/tiembachhoa-haituiminh/locations/northamerica-northeast2","labels":{"cloud.googleapis.com/location":"northamerica-northeast2","cloud.googleapis.com/region":"northamerica-northeast2"},"metadata":{"@type":"type.googleapis.com/google.firestore.admin.v1.LocationMetadata"},"locationId":"northamerica-northeast2","displayName":"Toronto"},{"name":"projects/tiembachhoa-haituiminh/locations/northamerica-south1","labels":{"cloud.googleapis.com/location":"northamerica-south1","cloud.googleapis.com/region":"northamerica-south1"},"metadata":{"@type":"type.googleapis.com/google.firestore.admin.v1.LocationMetadata"},"locationId":"northamerica-south1","displayName":"Mexico"},{"name":"projects/tiembachhoa-haituiminh/locations/southamerica-east1","labels":{"appengine.googleapis.com/region":"southamerica-east1","cloud.googleapis.com/location":"southamerica-east1","cloud.googleapis.com/region":"southamerica-east1"},"metadata":{"@type":"type.googleapis.com/google.firestore.admin.v1.LocationMetadata"},"locationId":"southamerica-east1","displayName":"São Paulo"},{"name":"projects/tiembachhoa-haituiminh/locations/southamerica-west1","labels":{"cloud.googleapis.com/location":"southamerica-west1","cloud.googleapis.com/region":"southamerica-west1"},"metadata":{"@type":"type.googleapis.com/google.firestore.admin.v1.LocationMetadata"},"locationId":"southamerica-west1","displayName":"Santiago"},{"name":"projects/tiembachhoa-haituiminh/locations/us-central1","labels":{"cloud.googleapis.com/location":"us-central1","cloud.googleapis.com/region":"us-central1"},"metadata":{"@type":"type.googleapis.com/google.firestore.admin.v1.LocationMetadata"},"locationId":"us-central1","displayName":"Iowa"},{"name":"projects/tiembachhoa-haituiminh/locations/us-east1","labels":{"appengine.googleapis.com/region":"us-east1","cloud.googleapis.com/location":"us-east1","cloud.googleapis.com/region":"us-east1"},"metadata":{"@type":"type.googleapis.com/google.firestore.admin.v1.LocationMetadata"},"locationId":"us-east1","displayName":"South Carolina"},{"name":"projects/tiembachhoa-haituiminh/locations/us-east4","labels":{"appengine.googleapis.com/region":"us-east4","cloud.googleapis.com/location":"us-east4","cloud.googleapis.com/region":"us-east4"},"metadata":{"@type":"type.googleapis.com/google.firestore.admin.v1.LocationMetadata"},"locationId":"us-east4","displayName":"Northern Virginia"},{"name":"projects/tiembachhoa-haituiminh/locations/us-east5","labels":{"cloud.googleapis.com/location":"us-east5","cloud.googleapis.com/region":"us-east5"},"metadata":{"@type":"type.googleapis.com/google.firestore.admin.v1.LocationMetadata"},"locationId":"us-east5","displayName":"Columbus"},{"name":"projects/tiembachhoa-haituiminh/locations/us-south1","labels":{"cloud.googleapis.com/location":"us-south1","cloud.googleapis.com/region":"us-south1"},"metadata":{"@type":"type.googleapis.com/google.firestore.admin.v1.LocationMetadata"},"locationId":"us-south1","displayName":"Dallas"},{"name":"projects/tiembachhoa-haituiminh/locations/us-west1","labels":{"appengine.googleapis.com/region":"us-west1","cloud.googleapis.com/location":"us-west1","cloud.googleapis.com/region":"us-west1"},"metadata":{"@type":"type.googleapis.com/google.firestore.admin.v1.LocationMetadata"},"locationId":"us-west1","displayName":"Oregon"},{"name":"projects/tiembachhoa-haituiminh/locations/us-west2","labels":{"appengine.googleapis.com/region":"us-west2","cloud.googleapis.com/location":"us-west2","cloud.googleapis.com/region":"us-west2"},"metadata":{"@type":"type.googleapis.com/google.firestore.admin.v1.LocationMetadata"},"locationId":"us-west2","displayName":"Los Angeles"},{"name":"projects/tiembachhoa-haituiminh/locations/us-west3","labels":{"appengine.googleapis.com/region":"us-west3","cloud.googleapis.com/location":"us-west3","cloud.googleapis.com/region":"us-west3"},"metadata":{"@type":"type.googleapis.com/google.firestore.admin.v1.LocationMetadata"},"locationId":"us-west3","displayName":"Salt Lake City"},{"name":"projects/tiembachhoa-haituiminh/locations/us-west4","labels":{"appengine.googleapis.com/region":"us-west4","cloud.googleapis.com/location":"us-west4","cloud.googleapis.com/region":"us-west4"},"metadata":{"@type":"type.googleapis.com/google.firestore.admin.v1.LocationMetadata"},"locationId":"us-west4","displayName":"Las Vegas"}]}
[info] 
[info] Firestore Security Rules allow you to define how and when to allow
[info] requests. You can keep these rules in your project directory
[info] and publish them with firebase deploy.
[info] 
[debug] [2025-11-22T09:40:59.843Z] Checked if tokens are valid: true, expires at: 1763807788254
[debug] [2025-11-22T09:40:59.843Z] Checked if tokens are valid: true, expires at: 1763807788254
[debug] [2025-11-22T09:40:59.844Z] >>> [apiv2][query] GET https://firebaserules.googleapis.com/v1/projects/tiembachhoa-haituiminh/releases pageSize=10&pageToken=
[debug] [2025-11-22T09:41:00.300Z] <<< [apiv2][status] GET https://firebaserules.googleapis.com/v1/projects/tiembachhoa-haituiminh/releases 200
[debug] [2025-11-22T09:41:00.300Z] <<< [apiv2][body] GET https://firebaserules.googleapis.com/v1/projects/tiembachhoa-haituiminh/releases {}
[info] 
[info] Firestore indexes allow you to perform complex queries while
[info] maintaining performance that scales with the size of the result
[info] set. You can keep index definitions in your project directory
[info] and publish them with firebase deploy.
[info] 
[debug] [2025-11-22T09:41:01.467Z] Checked if tokens are valid: true, expires at: 1763807788254
[debug] [2025-11-22T09:41:01.467Z] Checked if tokens are valid: true, expires at: 1763807788254
[debug] [2025-11-22T09:41:01.467Z] Checked if tokens are valid: true, expires at: 1763807788254
[debug] [2025-11-22T09:41:01.467Z] Checked if tokens are valid: true, expires at: 1763807788254
[debug] [2025-11-22T09:41:01.467Z] >>> [apiv2][query] GET https://firestore.googleapis.com/v1/projects/tiembachhoa-haituiminh/databases/(default)/collectionGroups/-/indexes [none]
[debug] [2025-11-22T09:41:01.468Z] >>> [apiv2][query] GET https://firestore.googleapis.com/v1/projects/tiembachhoa-haituiminh/databases/(default)/collectionGroups/-/fields?filter=indexConfig.usesAncestorConfig=false OR ttlConfig:* [none]
[debug] [2025-11-22T09:41:01.769Z] <<< [apiv2][status] GET https://firestore.googleapis.com/v1/projects/tiembachhoa-haituiminh/databases/(default)/collectionGroups/-/fields?filter=indexConfig.usesAncestorConfig=false OR ttlConfig:* 404
[debug] [2025-11-22T09:41:01.769Z] <<< [apiv2][body] GET https://firestore.googleapis.com/v1/projects/tiembachhoa-haituiminh/databases/(default)/collectionGroups/-/fields?filter=indexConfig.usesAncestorConfig=false OR ttlConfig:* {"error":{"code":404,"message":"Project 'tiembachhoa-haituiminh' or database '(default)' does not exist.","status":"NOT_FOUND"}}
[info] +  Wrote firestore.rules 
[info] +  Wrote firestore.indexes.json 
[info] 
=== Genkit Setup
[debug] [2025-11-22T09:41:01.826Z] <<< [apiv2][status] GET https://firestore.googleapis.com/v1/projects/tiembachhoa-haituiminh/databases/(default)/collectionGroups/-/indexes 404
[debug] [2025-11-22T09:41:01.826Z] <<< [apiv2][body] GET https://firestore.googleapis.com/v1/projects/tiembachhoa-haituiminh/databases/(default)/collectionGroups/-/indexes {"error":{"code":404,"message":"Project 'tiembachhoa-haituiminh' or database '(default)' does not exist.","status":"NOT_FOUND"}}
[debug] [2025-11-22T09:42:09.441Z] > command requires scopes: ["email","openid","https://www.googleapis.com/auth/cloudplatformprojects.readonly","https://www.googleapis.com/auth/firebase","https://www.googleapis.com/auth/cloud-platform"]
[debug] [2025-11-22T09:42:09.442Z] > authorizing via signed-in user (luutrithon1996@gmail.com)
[debug] [2025-11-22T09:42:09.442Z] [iam] checking project tiembachhoa-haituiminh for permissions ["firebase.projects.get"]
[debug] [2025-11-22T09:42:09.442Z] Checked if tokens are valid: true, expires at: 1763807788254
[debug] [2025-11-22T09:42:09.443Z] Checked if tokens are valid: true, expires at: 1763807788254
[debug] [2025-11-22T09:42:09.443Z] >>> [apiv2][query] POST https://cloudresourcemanager.googleapis.com/v1/projects/tiembachhoa-haituiminh:testIamPermissions [none]
[debug] [2025-11-22T09:42:09.443Z] >>> [apiv2][(partial)header] POST https://cloudresourcemanager.googleapis.com/v1/projects/tiembachhoa-haituiminh:testIamPermissions x-goog-quota-user=projects/tiembachhoa-haituiminh
[debug] [2025-11-22T09:42:09.443Z] >>> [apiv2][body] POST https://cloudresourcemanager.googleapis.com/v1/projects/tiembachhoa-haituiminh:testIamPermissions {"permissions":["firebase.projects.get"]}
[debug] [2025-11-22T09:42:10.611Z] <<< [apiv2][status] POST https://cloudresourcemanager.googleapis.com/v1/projects/tiembachhoa-haituiminh:testIamPermissions 200
[debug] [2025-11-22T09:42:10.611Z] <<< [apiv2][body] POST https://cloudresourcemanager.googleapis.com/v1/projects/tiembachhoa-haituiminh:testIamPermissions {"permissions":["firebase.projects.get"]}
[debug] [2025-11-22T09:42:10.611Z] Checked if tokens are valid: true, expires at: 1763807788254
[debug] [2025-11-22T09:42:10.612Z] Checked if tokens are valid: true, expires at: 1763807788254
[debug] [2025-11-22T09:42:10.612Z] Checked if tokens are valid: true, expires at: 1763807788254
[debug] [2025-11-22T09:42:10.612Z] Checked if tokens are valid: true, expires at: 1763807788254
[debug] [2025-11-22T09:42:10.612Z] >>> [apiv2][query] GET https://serviceusage.googleapis.com/v1/projects/tiembachhoa-haituiminh/services/cloudfunctions.googleapis.com [none]
[debug] [2025-11-22T09:42:10.612Z] >>> [apiv2][(partial)header] GET https://serviceusage.googleapis.com/v1/projects/tiembachhoa-haituiminh/services/cloudfunctions.googleapis.com x-goog-quota-user=projects/tiembachhoa-haituiminh
[debug] [2025-11-22T09:42:10.613Z] >>> [apiv2][query] GET https://serviceusage.googleapis.com/v1/projects/tiembachhoa-haituiminh/services/runtimeconfig.googleapis.com [none]
[debug] [2025-11-22T09:42:10.613Z] >>> [apiv2][(partial)header] GET https://serviceusage.googleapis.com/v1/projects/tiembachhoa-haituiminh/services/runtimeconfig.googleapis.com x-goog-quota-user=projects/tiembachhoa-haituiminh
[debug] [2025-11-22T09:42:11.934Z] <<< [apiv2][status] GET https://serviceusage.googleapis.com/v1/projects/tiembachhoa-haituiminh/services/runtimeconfig.googleapis.com 200
[debug] [2025-11-22T09:42:11.935Z] <<< [apiv2][body] GET https://serviceusage.googleapis.com/v1/projects/tiembachhoa-haituiminh/services/runtimeconfig.googleapis.com [omitted]
[debug] [2025-11-22T09:42:11.952Z] <<< [apiv2][status] GET https://serviceusage.googleapis.com/v1/projects/tiembachhoa-haituiminh/services/cloudfunctions.googleapis.com 200
[debug] [2025-11-22T09:42:11.952Z] <<< [apiv2][body] GET https://serviceusage.googleapis.com/v1/projects/tiembachhoa-haituiminh/services/cloudfunctions.googleapis.com [omitted]
[debug] [2025-11-22T09:42:11.952Z] Checked if tokens are valid: true, expires at: 1763807788254
[debug] [2025-11-22T09:42:11.952Z] Checked if tokens are valid: true, expires at: 1763807788254
[debug] [2025-11-22T09:42:11.952Z] >>> [apiv2][query] POST https://serviceusage.googleapis.com/v1/projects/tiembachhoa-haituiminh/services/cloudfunctions.googleapis.com:enable [none]
[debug] [2025-11-22T09:42:11.952Z] >>> [apiv2][(partial)header] POST https://serviceusage.googleapis.com/v1/projects/tiembachhoa-haituiminh/services/cloudfunctions.googleapis.com:enable x-goog-quota-user=projects/tiembachhoa-haituiminh
[debug] [2025-11-22T09:42:12.449Z] <<< [apiv2][status] POST https://serviceusage.googleapis.com/v1/projects/tiembachhoa-haituiminh/services/cloudfunctions.googleapis.com:enable 200
[debug] [2025-11-22T09:42:12.449Z] <<< [apiv2][body] POST https://serviceusage.googleapis.com/v1/projects/tiembachhoa-haituiminh/services/cloudfunctions.googleapis.com:enable [omitted]
[info] Let's create a new codebase for your functions.
[info] A directory corresponding to the codebase will be created in your project
[info] with sample code pre-configured.

[info] See https://firebase.google.com/docs/functions/organize-functions for
[info] more information on organizing your functions using codebases.

[info] Functions can be deployed with firebase deploy.

[info] +  Wrote functions/package.json 
[info] +  Wrote functions/.eslintrc.js 
[info] +  Wrote functions/tsconfig.dev.json 
[info] +  Wrote functions/tsconfig.json 
[info] +  Wrote functions/src/index.ts 
[info] +  Wrote functions/.gitignore 
[info] 
[info] i  genkit: Installing Genkit CLI version 1.24.0
 
[info] i  genkit: Installing NPM packages for genkit 
[info] +  genkit: Successfully installed NPM packages 
[info] i  genkit: Updating tsconfig.json 
[info] +  genkit: Successfully updated tsconfig.json 
[info] i  genkit: Updating package.json 
[info] +  genkit: Successfully updated package.json 
[info] Telemetry data can be used to monitor and gain insights into your AI features. There may be a cost associated with using this feature. See https://firebase.google.com/docs/genkit/observability/telemetry-collection.
[info] i  genkit: Generating sample file 
[info] +  genkit: Successfully generated sample file (src/genkit-sample.ts) 
[info] 
[info] 
Login to Google Cloud using:
[info]     gcloud auth application-default login --project tiembachhoa-haituiminh

[info] Then start the Genkit developer experience by running:
[info]     cd functions && npm run genkit:start
[info] 
=== Functions Setup
[debug] [2025-11-22T09:49:07.391Z] > command requires scopes: ["email","openid","https://www.googleapis.com/auth/cloudplatformprojects.readonly","https://www.googleapis.com/auth/firebase","https://www.googleapis.com/auth/cloud-platform"]
[debug] [2025-11-22T09:49:07.392Z] > authorizing via signed-in user (luutrithon1996@gmail.com)
[debug] [2025-11-22T09:49:07.393Z] [iam] checking project tiembachhoa-haituiminh for permissions ["firebase.projects.get"]
[debug] [2025-11-22T09:49:07.395Z] Checked if tokens are valid: true, expires at: 1763807788254
[debug] [2025-11-22T09:49:07.395Z] Checked if tokens are valid: true, expires at: 1763807788254
[debug] [2025-11-22T09:49:07.397Z] >>> [apiv2][query] POST https://cloudresourcemanager.googleapis.com/v1/projects/tiembachhoa-haituiminh:testIamPermissions [none]
[debug] [2025-11-22T09:49:07.397Z] >>> [apiv2][(partial)header] POST https://cloudresourcemanager.googleapis.com/v1/projects/tiembachhoa-haituiminh:testIamPermissions x-goog-quota-user=projects/tiembachhoa-haituiminh
[debug] [2025-11-22T09:49:07.397Z] >>> [apiv2][body] POST https://cloudresourcemanager.googleapis.com/v1/projects/tiembachhoa-haituiminh:testIamPermissions {"permissions":["firebase.projects.get"]}
[debug] [2025-11-22T09:49:08.566Z] <<< [apiv2][status] POST https://cloudresourcemanager.googleapis.com/v1/projects/tiembachhoa-haituiminh:testIamPermissions 200
[debug] [2025-11-22T09:49:08.566Z] <<< [apiv2][body] POST https://cloudresourcemanager.googleapis.com/v1/projects/tiembachhoa-haituiminh:testIamPermissions {"permissions":["firebase.projects.get"]}
[info] 
Detected existing codebase(s): default

[info] Let's create a new codebase for your functions.
[info] A directory corresponding to the codebase will be created in your project
[info] with sample code pre-configured.

[info] See https://firebase.google.com/docs/functions/organize-functions for
[info] more information on organizing your functions using codebases.

[info] Functions can be deployed with firebase deploy.

